<?xml version="1.0" encoding="UTF-8"?>
<testsuite name="ParserTest" tests="1" skipped="0" failures="0" errors="0" timestamp="2022-09-24T09:35:29" hostname="DESKTOP-1J2V5VV" time="0.002">
  <properties/>
  <testcase name="test train simulator world parser()" classname="ParserTest" time="0.002"/>
  <system-out><![CDATA[]]></system-out>
  <system-err><![CDATA[]]></system-err>
</testsuite>
