<?xml version="1.0" encoding="UTF-8"?>
<testsuite name="PathfinderTest" tests="2" skipped="0" failures="0" errors="0" timestamp="2022-09-24T09:35:29" hostname="DESKTOP-1J2V5VV" time="0.002">
  <properties/>
  <testcase name="Test path finder choose wisely between 2 parallel lines()" classname="PathfinderTest" time="0.001"/>
  <testcase name="test path finder algorithm()" classname="PathfinderTest" time="0.001"/>
  <system-out><![CDATA[]]></system-out>
  <system-err><![CDATA[]]></system-err>
</testsuite>
